

Microchip MPLAB XC8 Assembler V2.41 build 20230208172133 
                                                                                                           Thu Aug 29 16:32:24 2024


     1                           	processor	16F628A
     2                           	pagewidth 132
     3                           	psect	udata_shr,global,class=COMMON,space=1,delta=1,noexec
     4                           	psect	udata,global,class=RAM,space=1,delta=1,noexec
     5                           	psect	udata_bank0,global,class=BANK0,space=1,delta=1,noexec
     6                           	psect	udata_bank1,global,class=BANK1,space=1,delta=1,noexec
     7                           	psect	udata_bank2,global,class=BANK2,space=1,delta=1,noexec
     8                           	psect	code,global,class=CODE,delta=2
     9                           	psect	data,global,class=STRCODE,delta=2,noexec
    10                           	psect	edata,global,class=EEDATA,space=3,delta=2,noexec
    11                           	psect	por_vec,global,abs,ovrld,class=CODE,delta=2
    12                           	psect	config,global,abs,ovrld,class=CONFIG,space=4,delta=2,noexec
    13     0008                     
    14                           	psect	edata
    15     0000                     stk_offset	set	0
    16     0000                     auto_size	set	0
    17                           
    18                           ; stack_auto defines a symbol /name/_offset which equates to the
    19                           ; stack offset of the auto object in question
    20     0000                     
    21                           ; stack_param defines a symbol /name/_offset which equates to the
    22                           ; stack offset of the parameter object in question
    23     0000                     
    24                           ; alloc_stack adjusts the SP to allocate space for auto objects
    25                           ; it also links in to the btemp symbol so that can be used
    26     0000                     
    27                           ; restore_stack adjusts the SP to remove all auto and parameter
    28                           ; objects from the stack prior to returning from a function
    29     0000                     main:
    30                           
    31                           	psect	por_vec
    32     0000                     	org	0
    33     0000  2003               	call	init
    34     0001                     loop:
    35     0001  201E               	call	work
    36     0002  2801               	goto	loop
    37     0003                     init:
    38     0003  1683               	bsf	3,5	; set RP5 to 1 Now in bank 1
    39     0004  3000               	movlw	0	; w=0x00
    40     0005  0086               	movwf	134	; trisb=w=0x00 pinmode trisb output(0)
    41     0006  30FF               	movlw	255	; w=0x00
    42     0007  0085               	movwf	133	; trisb=w=0x00 pinmode trisa input(1)
    43     0008  1283               	bcf	3,5	; set RP5 to 0 Now in bank 0
    44     0009  3007               	movlw	7	; W=0x07
    45     000A  009F               	movwf	31	; CMCOM=W=0x07
    46     000B  306A               	movlw	106	; W=0x6a
    47     000C  00A0               	movwf	32	; tabla0=W=0x6a
    48     000D  3039               	movlw	57	; W=0x39
    49     000E  00A1               	movwf	33	; tabla1=W=0x39
    50     000F  30DE               	movlw	222	; W=0xde
    51     0010  00A2               	movwf	34	; tabla2=W=0xde
    52     0011  3088               	movlw	136	; W=0x88
    53     0012  00A3               	movwf	35	; tabla3=W=0x88
    54     0013  30D7               	movlw	215	; W=0xd7
    55     0014  00A4               	movwf	36	; tabla4=W=0xd7
    56     0015  30E6               	movlw	230	; W=0xe6
    57     0016  00A5               	movwf	37	; tabla5=W=0xe6
    58     0017  3025               	movlw	37	; W=0x25
    59     0018  00A6               	movwf	38	; tabla6=W=0x25
    60     0019  30ED               	movlw	237	; W=0xed
    61     001A  00A7               	movwf	39	; tabla7=W=0xed
    62     001B  3020               	movlw	32	; W=0xed
    63     001C  00A8               	movwf	40	; tabla_index=W=0x20
    64     001D  0008               	return
    65     001E                     work:
    66     001E  0805               	movf	5,w	; W=PORTA
    67     001F  3907               	andlw	7	; and(0x07, W=PORTA)
    68     0020  0728               	addwf	40,w	; W=tabla_index+W
    69     0021  0084               	movwf	4	; FSR=W
    70     0022  0800               	movf	0,w	; W=INDF
    71     0023  0086               	movwf	6	; PORTB=W=INDF
    72     0024  0008               	return
    73                           
    74                           	psect	config
    75                           
    76                           ;Config register CONFIG @ 0x2007
    77                           ;	Oscillator Selection bits
    78                           ;	FOSC = INTOSCIO, INTOSC oscillator: I/O function on RA6/OSC2/CLKOUT pin, I/O function on RA7/OSC1/
      +                          CLKIN
    79                           ;	Watchdog Timer Enable bit
    80                           ;	WDTE = OFF, WDT disabled
    81                           ;	Power-up Timer Enable bit
    82                           ;	PWRTE = OFF, PWRT disabled
    83                           ;	RA5/MCLR/VPP Pin Function Select bit
    84                           ;	MCLRE = OFF, RA5/MCLR/VPP pin function is digital input, MCLR internally tied to VDD
    85                           ;	Brown-out Detect Enable bit
    86                           ;	BOREN = ON, BOD enabled
    87                           ;	Low-Voltage Programming Enable bit
    88                           ;	LVP = OFF, RB4/PGM pin has digital I/O function, HV on MCLR must be used for programming
    89                           ;	Data EE Memory Code Protection bit
    90                           ;	CPD = OFF, Data memory code protection off
    91                           ;	Flash Program Memory Code Protection bit
    92                           ;	CP = OFF, Code protection off
    93     2007                     	org	8199
    94     2007  3F58               	dw	16216


Microchip Technology PIC Macro Assembler V2.41 build 20230208172133 
Symbol Table                                                                                               Thu Aug 29 16:32:24 2024

                       FSR 0004                        INDF 0000                        main 0000                        init 0003  
                      loop 0001                        work 001E                       PORTA 0005                       PORTB 0006  
                     TRISA 0085                       TRISB 0086                      STATUS 0003                      tabla0 0020  
                    tabla1 0021                      tabla2 0022                      tabla3 0023                      tabla4 0024  
                    tabla5 0025                      tabla6 0026                      tabla7 0027                 tabla_index 0028  
