

Microchip MPLAB XC8 Assembler V2.41 build 20230208172133 
                                                                                                           Thu Apr 11 18:57:35 2024


     1                           	processor	16F628A
     2                           	pagewidth 132
     3                           	psect	udata_shr,global,class=COMMON,space=1,delta=1,noexec
     4                           	psect	udata,global,class=RAM,space=1,delta=1,noexec
     5                           	psect	udata_bank0,global,class=BANK0,space=1,delta=1,noexec
     6                           	psect	udata_bank1,global,class=BANK1,space=1,delta=1,noexec
     7                           	psect	udata_bank2,global,class=BANK2,space=1,delta=1,noexec
     8                           	psect	code,global,class=CODE,delta=2
     9                           	psect	data,global,class=STRCODE,delta=2,noexec
    10                           	psect	edata,global,class=EEDATA,space=3,delta=2,noexec
    11                           	psect	por_vec,global,abs,ovrld,class=CODE,delta=2
    12                           	psect	config,global,abs,ovrld,class=CONFIG,space=4,delta=2,noexec
    13     0008                     
    14                           	psect	edata
    15     0000                     stk_offset	set	0
    16     0000                     auto_size	set	0
    17                           
    18                           ; stack_auto defines a symbol /name/_offset which equates to the
    19                           ; stack offset of the auto object in question
    20     0000                     
    21                           ; stack_param defines a symbol /name/_offset which equates to the
    22                           ; stack offset of the parameter object in question
    23     0000                     
    24                           ; alloc_stack adjusts the SP to allocate space for auto objects
    25                           ; it also links in to the btemp symbol so that can be used
    26     0000                     
    27                           ; restore_stack adjusts the SP to remove all auto and parameter
    28                           ; objects from the stack prior to returning from a function
    29     0000                     main:
    30                           
    31                           	psect	por_vec
    32     0000                     	org	0
    33     0000  1303               	bcf	3,6	; set RP6 to 0
    34     0001  1683               	bsf	3,5	; set RP5 to 1 Now in bank 1
    35     0002  1405               	bsf	133,0	; pinMode ((PORTA) and 07Fh), 0 input(1)
    36     0003  1485               	bsf	133,1	; pinMode ((PORTA) and 07Fh), 1 input(1)
    37     0004  1185               	bcf	133,3	; pinMode ((PORTA) and 07Fh), 3 output(0)
    38     0005  1303               	bcf	3,6	; set RP6 to 0
    39     0006  1283               	bcf	3,5	; set RP5 to 0 Now in bank 0
    40     0007  3007               	movlw	7	; set W to 0x07
    41     0008  009F               	movwf	31	; set CMCON to W
    42     0009  1185               	bcf	5,3	; set ((PORTA) and 07Fh), 2 to 0
    43     000A                     loop:
    44     000A  1885               	btfsc	5,1	; is ((PORTA) and 07Fh), 1 == 1 then
    45     000B  280F               	goto	one
    46     000C  1805               	btfsc	5,0	; is ((PORTA) and 07Fh), 0 == 1 then
    47     000D  1585               	bsf	5,3	; set ((PORTA) and 07Fh), 3 to 1
    48     000E  280A               	goto	loop
    49     000F                     one:
    50     000F  1185               	bcf	5,3	; set ((PORTA) and 07Fh), 2 to 0
    51     0010  280A               	goto	loop
    52     0011                     interrupt:
    53                           
    54                           	psect	config
    55                           
    56                           ;Config register CONFIG @ 0x2007
    57                           ;	Oscillator Selection bits
    58                           ;	FOSC = INTOSCIO, INTOSC oscillator: I/O function on RA6/OSC2/CLKOUT pin, I/O function on RA7/OSC1/
      +                          CLKIN
    59                           ;	Watchdog Timer Enable bit
    60                           ;	WDTE = OFF, WDT disabled
    61                           ;	Power-up Timer Enable bit
    62                           ;	PWRTE = OFF, PWRT disabled
    63                           ;	RA5/MCLR/VPP Pin Function Select bit
    64                           ;	MCLRE = OFF, RA5/MCLR/VPP pin function is digital input, MCLR internally tied to VDD
    65                           ;	Brown-out Detect Enable bit
    66                           ;	BOREN = ON, BOD enabled
    67                           ;	Low-Voltage Programming Enable bit
    68                           ;	LVP = OFF, RB4/PGM pin has digital I/O function, HV on MCLR must be used for programming
    69                           ;	Data EE Memory Code Protection bit
    70                           ;	CPD = OFF, Data memory code protection off
    71                           ;	Flash Program Memory Code Protection bit
    72                           ;	CP = OFF, Code protection off
    73     2007                     	org	8199
    74     2007  3F58               	dw	16216


Microchip Technology PIC Macro Assembler V2.41 build 20230208172133 
Symbol Table                                                                                               Thu Apr 11 18:57:35 2024

                       one 000F                        main 0000                        loop 000A                       CMCON 001F  
                     PORTA 0005                       TRISA 0085                      STATUS 0003                   interrupt 0011  
