

Microchip MPLAB XC8 Assembler V2.41 build 20230208172133 
                                                                                                           Wed Jun 12 09:40:11 2024


     1                           	processor	16F628A
     2                           	pagewidth 132
     3                           	psect	udata_shr,global,class=COMMON,space=1,delta=1,noexec
     4                           	psect	udata,global,class=RAM,space=1,delta=1,noexec
     5                           	psect	udata_bank0,global,class=BANK0,space=1,delta=1,noexec
     6                           	psect	udata_bank1,global,class=BANK1,space=1,delta=1,noexec
     7                           	psect	udata_bank2,global,class=BANK2,space=1,delta=1,noexec
     8                           	psect	code,global,class=CODE,delta=2
     9                           	psect	data,global,class=STRCODE,delta=2,noexec
    10                           	psect	edata,global,class=EEDATA,space=3,delta=2,noexec
    11                           	psect	por_vec,global,abs,ovrld,class=CODE,delta=2
    12                           	psect	config,global,abs,ovrld,class=CONFIG,space=4,delta=2,noexec
    13     0008                     
    14                           	psect	edata
    15     0000                     stk_offset	set	0
    16     0000                     auto_size	set	0
    17                           
    18                           ; stack_auto defines a symbol /name/_offset which equates to the
    19                           ; stack offset of the auto object in question
    20     0000                     
    21                           ; stack_param defines a symbol /name/_offset which equates to the
    22                           ; stack offset of the parameter object in question
    23     0000                     
    24                           ; alloc_stack adjusts the SP to allocate space for auto objects
    25                           ; it also links in to the btemp symbol so that can be used
    26     0000                     
    27                           ; restore_stack adjusts the SP to remove all auto and parameter
    28                           ; objects from the stack prior to returning from a function
    29     0000                     main:
    30                           
    31                           	psect	por_vec
    32     0000                     	org	0
    33     0000  2003               	call	init
    34     0001                     loop:
    35     0001  2013               	call	work
    36     0002  2801               	goto	loop
    37     0003                     init:
    38     0003  1683               	bsf	3,5	; set RP5 to 1 Now in bank 1
    39     0004  3000               	movlw	0	; w=0x00
    40     0005  0086               	movwf	134	; trisb=w=0x00 pinmode trisb output(0)
    41     0006  3000               	movlw	0	; w=0x00
    42     0007  0085               	movwf	133	; trisb=w=0x00 pinmode trisb output(0)
    43     0008  1281               	bcf	129,5	; OPTION_REG(5)=0 ((OPTION_REG) and 07Fh), 5=0
    44     0009  1181               	bcf	129,3	; OPTION_REG(3)=0 ((OPTION_REG) and 07Fh), 3=0
    45     000A  1283               	bcf	3,5	; set RP5 to 0 Now in bank 0
    46     000B  3007               	movlw	7	; W=0x07
    47     000C  009F               	movwf	31	; CMCOM=W=0x07
    48     000D  3007               	movlw	7	; W=0x10
    49     000E  00A1               	movwf	33	; help2=W=0x10
    50     000F  3006               	movlw	6	; w=0x06
    51     0010  00A0               	movwf	32	; help=w=0x06
    52     0011  0186               	clrf	6
    53     0012  0008               	return
    54     0013                     work:
    55     0013  1D0B               	btfss	11,2	; if INTCON(2)==((INTCON) and 07Fh), 2==0 then:
    56     0014  2813               	goto	work
    57     0015  303D               	movlw	61	; w=0x3d
    58     0016  0081               	movwf	1	; TMR0=w=0x3d
    59     0017  110B               	bcf	11,2	; INTCON(2)=((INTCON) and 07Fh), 2=0
    60     0018  0BA0               	decfsz	32,f	; if help - 1 != 0 then:
    61     0019  2813               	goto	work
    62     001A  0A06               	incf	6,w
    63     001B  0221               	subwf	33,w
    64     001C  1D03               	btfss	3,2
    65     001D  0A86               	incf	6,f
    66     001E  1903               	btfsc	3,2
    67     001F  0186               	clrf	6
    68     0020  3006               	movlw	6	; w=0x06
    69     0021  00A0               	movwf	32	; help=w=0x06
    70     0022  0008               	return
    71                           
    72                           	psect	config
    73                           
    74                           ;Config register CONFIG @ 0x2007
    75                           ;	Oscillator Selection bits
    76                           ;	FOSC = INTOSCIO, INTOSC oscillator: I/O function on RA6/OSC2/CLKOUT pin, I/O function on RA7/OSC1/
      +                          CLKIN
    77                           ;	Watchdog Timer Enable bit
    78                           ;	WDTE = OFF, WDT disabled
    79                           ;	Power-up Timer Enable bit
    80                           ;	PWRTE = OFF, PWRT disabled
    81                           ;	RA5/MCLR/VPP Pin Function Select bit
    82                           ;	MCLRE = OFF, RA5/MCLR/VPP pin function is digital input, MCLR internally tied to VDD
    83                           ;	Brown-out Detect Enable bit
    84                           ;	BOREN = ON, BOD enabled
    85                           ;	Low-Voltage Programming Enable bit
    86                           ;	LVP = OFF, RB4/PGM pin has digital I/O function, HV on MCLR must be used for programming
    87                           ;	Data EE Memory Code Protection bit
    88                           ;	CPD = OFF, Data memory code protection off
    89                           ;	Flash Program Memory Code Protection bit
    90                           ;	CP = OFF, Code protection off
    91     2007                     	org	8199
    92     2007  3F58               	dw	16216


Microchip Technology PIC Macro Assembler V2.41 build 20230208172133 
Symbol Table                                                                                               Wed Jun 12 09:40:11 2024

                      TMR0 0001                        help 0020                        main 0000                        init 0003  
                      loop 0001                        work 0013                       PORTB 0006                       TRISA 0085  
                     TRISB 0086                       help2 0021                      INTCON 000B                      STATUS 0003  
                OPTION_REG 0081  
