

Microchip MPLAB XC8 Assembler V2.41 build 20230208172133 
                                                                                                           Thu May 23 14:34:24 2024


     1                           	processor	16F628A
     2                           	pagewidth 132
     3                           	psect	udata_shr,global,class=COMMON,space=1,delta=1,noexec
     4                           	psect	udata,global,class=RAM,space=1,delta=1,noexec
     5                           	psect	udata_bank0,global,class=BANK0,space=1,delta=1,noexec
     6                           	psect	udata_bank1,global,class=BANK1,space=1,delta=1,noexec
     7                           	psect	udata_bank2,global,class=BANK2,space=1,delta=1,noexec
     8                           	psect	code,global,class=CODE,delta=2
     9                           	psect	data,global,class=STRCODE,delta=2,noexec
    10                           	psect	edata,global,class=EEDATA,space=3,delta=2,noexec
    11                           	psect	por_vec,global,abs,ovrld,class=CODE,delta=2
    12                           	psect	config,global,abs,ovrld,class=CONFIG,space=4,delta=2,noexec
    13     0008                     
    14                           	psect	edata
    15     0000                     stk_offset	set	0
    16     0000                     auto_size	set	0
    17                           
    18                           ; stack_auto defines a symbol /name/_offset which equates to the
    19                           ; stack offset of the auto object in question
    20     0000                     
    21                           ; stack_param defines a symbol /name/_offset which equates to the
    22                           ; stack offset of the parameter object in question
    23     0000                     
    24                           ; alloc_stack adjusts the SP to allocate space for auto objects
    25                           ; it also links in to the btemp symbol so that can be used
    26     0000                     
    27                           ; restore_stack adjusts the SP to remove all auto and parameter
    28                           ; objects from the stack prior to returning from a function
    29     0000                     main:
    30                           
    31                           	psect	por_vec
    32     0000                     	org	0
    33     0000  2003               	call	init
    34     0001                     loop:
    35     0001  200A               	call	work
    36     0002  2801               	goto	loop
    37     0003                     init:
    38     0003  1303               	bcf	3,6	; set RP6 to 0
    39     0004  1683               	bsf	3,5	; set RP5 to 1 Now in bank 1
    40     0005  1006               	bcf	134,0	; pinMode ((PORTB) and 07Fh), 0 output(0)
    41     0006  1303               	bcf	3,6	; set RP6 to 0
    42     0007  1283               	bcf	3,5	; set RP5 to 0 Now in bank 0
    43     0008  1006               	bcf	6,0	; set ((PORTB) and 07Fh), 0 to 0
    44     0009  0008               	return
    45     000A                     work:
    46     000A  201A               	call	delay100ms
    47     000B  1406               	bsf	6,0	; set ((PORTB) and 07Fh), 0 to 1
    48     000C  0000               	nop
    49     000D  0000               	nop
    50     000E  0000               	nop
    51     000F  0000               	nop
    52     0010  0000               	nop
    53     0011  0000               	nop
    54     0012  201A               	call	delay100ms
    55     0013  1006               	bcf	6,0	; set ((PORTB) and 07Fh), 0 to 0
    56     0014  0008               	return
    57     0015                     delay1ms:	
    58                           ; cant = (1000uS - 28uS - 32uS) / 12uS = 78
    59                           ; 28uS (default delay)
    60                           ; 32uS (first iteration)
    61                           ; 12uS (per iteration)
    62                           
    63                           
    64                           ;2MC
    65     0015  304F               	movlw	79	;1MC
    66     0016  00A0               	movwf	32	;1MC
    67     0017                     delay1msHelp:
    68     0017  0BA0               	decfsz	32,f	;1MC --> 2MC
    69     0018  2817               	goto	delay1msHelp	;2MC
    70     0019  0008               	return	;2MC
    71     001A                     delay100ms:
    72     001A  3064               	movlw	100
    73     001B  00A1               	movwf	33
    74     001C                     delay100msHelp:
    75     001C  2015               	call	delay1ms
    76     001D  0BA1               	decfsz	33,f
    77     001E  281C               	goto	delay100msHelp
    78     001F  0008               	return
    79                           
    80                           	psect	config
    81                           
    82                           ;Config register CONFIG @ 0x2007
    83                           ;	Oscillator Selection bits
    84                           ;	FOSC = INTOSCIO, INTOSC oscillator: I/O function on RA6/OSC2/CLKOUT pin, I/O function on RA7/OSC1/
      +                          CLKIN
    85                           ;	Watchdog Timer Enable bit
    86                           ;	WDTE = OFF, WDT disabled
    87                           ;	Power-up Timer Enable bit
    88                           ;	PWRTE = OFF, PWRT disabled
    89                           ;	RA5/MCLR/VPP Pin Function Select bit
    90                           ;	MCLRE = OFF, RA5/MCLR/VPP pin function is digital input, MCLR internally tied to VDD
    91                           ;	Brown-out Detect Enable bit
    92                           ;	BOREN = ON, BOD enabled
    93                           ;	Low-Voltage Programming Enable bit
    94                           ;	LVP = OFF, RB4/PGM pin has digital I/O function, HV on MCLR must be used for programming
    95                           ;	Data EE Memory Code Protection bit
    96                           ;	CPD = OFF, Data memory code protection off
    97                           ;	Flash Program Memory Code Protection bit
    98                           ;	CP = OFF, Code protection off
    99     2007                     	org	8199
   100     2007  3F58               	dw	16216


Microchip Technology PIC Macro Assembler V2.41 build 20230208172133 
Symbol Table                                                                                               Thu May 23 14:34:24 2024

                      main 0000                        init 0003                        loop 0001                        work 000A  
                     PORTB 0006                       TRISB 0086                      STATUS 0003              delay100msHelp 001C  
         delay100msCounter 0021                    delay1ms 0015                  delay100ms 001A             delay1msCounter 0020  
              delay1msHelp 0017  
