

Microchip MPLAB XC8 Assembler V2.41 build 20230208172133 
                                                                                                           Thu May 23 14:58:50 2024


     1                           	processor	16F628A
     2                           	pagewidth 132
     3                           	psect	udata_shr,global,class=COMMON,space=1,delta=1,noexec
     4                           	psect	udata,global,class=RAM,space=1,delta=1,noexec
     5                           	psect	udata_bank0,global,class=BANK0,space=1,delta=1,noexec
     6                           	psect	udata_bank1,global,class=BANK1,space=1,delta=1,noexec
     7                           	psect	udata_bank2,global,class=BANK2,space=1,delta=1,noexec
     8                           	psect	code,global,class=CODE,delta=2
     9                           	psect	data,global,class=STRCODE,delta=2,noexec
    10                           	psect	edata,global,class=EEDATA,space=3,delta=2,noexec
    11                           	psect	por_vec,global,abs,ovrld,class=CODE,delta=2
    12                           	psect	config,global,abs,ovrld,class=CONFIG,space=4,delta=2,noexec
    13     0008                     
    14                           	psect	edata
    15     0000                     stk_offset	set	0
    16     0000                     auto_size	set	0
    17                           
    18                           ; stack_auto defines a symbol /name/_offset which equates to the
    19                           ; stack offset of the auto object in question
    20     0000                     
    21                           ; stack_param defines a symbol /name/_offset which equates to the
    22                           ; stack offset of the parameter object in question
    23     0000                     
    24                           ; alloc_stack adjusts the SP to allocate space for auto objects
    25                           ; it also links in to the btemp symbol so that can be used
    26     0000                     
    27                           ; restore_stack adjusts the SP to remove all auto and parameter
    28                           ; objects from the stack prior to returning from a function
    29     0000                     main:
    30                           
    31                           	psect	por_vec
    32     0000                     	org	0
    33     0000  2003               	call	init
    34     0001                     loop:
    35     0001  200D               	call	work
    36     0002  2801               	goto	loop
    37     0003                     init:
    38     0003  1303               	bcf	3,6	; set RP6 to 0
    39     0004  1683               	bsf	3,5	; set RP5 to 1 Now in bank 1
    40     0005  3000               	movlw	0	; W=0x00
    41     0006  0086               	movwf	134	; TRISB=W=0x00 -> all output(0)
    42     0007  1285               	bcf	133,5	; pinMode ((PORTA) and 07Fh), 5 output(0)
    43     0008  1303               	bcf	3,6	; set RP6 to 0
    44     0009  1283               	bcf	3,5	; set RP5 to 0 Now in bank 0
    45     000A  3000               	movlw	0	; W=0x00
    46     000B  0086               	movwf	6	; PORTB=W=0x00
    47     000C  0008               	return
    48     000D                     work:
    49     000D  2016               	call	delay200ms
    50     000E  1A85               	btfsc	5,5	; is ((PORTA) and 07Fh), 5 == 1 then
    51     000F  0A86               	incf	6,f	; PORTB += 1
    52     0010  0008               	return
    53     0011                     delay1ms:	
    54                           ; cant = (1000uS - 28uS - 32uS) / 12uS = 78
    55                           ; 28uS (default delay)
    56                           ; 32uS (first iteration)
    57                           ; 12uS (per iteration)
    58                           
    59                           
    60                           ;2MC
    61     0011  304F               	movlw	79	;1MC
    62     0012  00A0               	movwf	32	;1MC
    63     0013                     delay1msHelp:
    64     0013  0BA0               	decfsz	32,f	;1MC --> 2MC
    65     0014  2813               	goto	delay1msHelp	;2MC
    66     0015  0008               	return	;2MC
    67     0016                     delay200ms:
    68     0016  30C8               	movlw	200
    69     0017  00A1               	movwf	33
    70     0018                     delay200msHelp:
    71     0018  2011               	call	delay1ms
    72     0019  0BA1               	decfsz	33,f
    73     001A  2818               	goto	delay200msHelp
    74     001B  0008               	return
    75                           
    76                           	psect	config
    77                           
    78                           ;Config register CONFIG @ 0x2007
    79                           ;	Oscillator Selection bits
    80                           ;	FOSC = INTOSCIO, INTOSC oscillator: I/O function on RA6/OSC2/CLKOUT pin, I/O function on RA7/OSC1/
      +                          CLKIN
    81                           ;	Watchdog Timer Enable bit
    82                           ;	WDTE = OFF, WDT disabled
    83                           ;	Power-up Timer Enable bit
    84                           ;	PWRTE = OFF, PWRT disabled
    85                           ;	RA5/MCLR/VPP Pin Function Select bit
    86                           ;	MCLRE = OFF, RA5/MCLR/VPP pin function is digital input, MCLR internally tied to VDD
    87                           ;	Brown-out Detect Enable bit
    88                           ;	BOREN = ON, BOD enabled
    89                           ;	Low-Voltage Programming Enable bit
    90                           ;	LVP = OFF, RB4/PGM pin has digital I/O function, HV on MCLR must be used for programming
    91                           ;	Data EE Memory Code Protection bit
    92                           ;	CPD = OFF, Data memory code protection off
    93                           ;	Flash Program Memory Code Protection bit
    94                           ;	CP = OFF, Code protection off
    95     2007                     	org	8199
    96     2007  3F58               	dw	16216


Microchip Technology PIC Macro Assembler V2.41 build 20230208172133 
Symbol Table                                                                                               Thu May 23 14:58:50 2024

                      main 0000                        init 0003                        loop 0001                        work 000D  
                     PORTA 0005                       PORTB 0006                       TRISA 0085                       TRISB 0086  
                    STATUS 0003              delay200msHelp 0018                    delay1ms 0011           delay200msCounter 0021  
                delay200ms 0016             delay1msCounter 0020                delay1msHelp 0013  
