

Microchip MPLAB XC8 Assembler V2.41 build 20230208172133 
                                                                                                           Mon May 06 12:02:00 2024


     1                           	processor	16F628A
     2                           	pagewidth 132
     3                           	psect	udata_shr,global,class=COMMON,space=1,delta=1,noexec
     4                           	psect	udata,global,class=RAM,space=1,delta=1,noexec
     5                           	psect	udata_bank0,global,class=BANK0,space=1,delta=1,noexec
     6                           	psect	udata_bank1,global,class=BANK1,space=1,delta=1,noexec
     7                           	psect	udata_bank2,global,class=BANK2,space=1,delta=1,noexec
     8                           	psect	code,global,class=CODE,delta=2
     9                           	psect	data,global,class=STRCODE,delta=2,noexec
    10                           	psect	edata,global,class=EEDATA,space=3,delta=2,noexec
    11                           	psect	por_vec,global,abs,ovrld,class=CODE,delta=2
    12                           	psect	config,global,abs,ovrld,class=CONFIG,space=4,delta=2,noexec
    13     0008                     
    14                           	psect	edata
    15     0000                     stk_offset	set	0
    16     0000                     auto_size	set	0
    17                           
    18                           ; stack_auto defines a symbol /name/_offset which equates to the
    19                           ; stack offset of the auto object in question
    20     0000                     
    21                           ; stack_param defines a symbol /name/_offset which equates to the
    22                           ; stack offset of the parameter object in question
    23     0000                     
    24                           ; alloc_stack adjusts the SP to allocate space for auto objects
    25                           ; it also links in to the btemp symbol so that can be used
    26     0000                     
    27                           ; restore_stack adjusts the SP to remove all auto and parameter
    28                           ; objects from the stack prior to returning from a function
    29     0000                     main:
    30                           
    31                           	psect	por_vec
    32     0000                     	org	0
    33     0000  2003               	call	init
    34     0001                     loop:
    35     0001  2012               	call	work
    36     0002  2801               	goto	loop
    37     0003                     init:
    38     0003  1303               	bcf	3,6	; set RP6 to 0
    39     0004  1683               	bsf	3,5	; set RP5 to 1 Now in bank 1
    40     0005  3000               	movlw	0	; W=0x00
    41     0006  0086               	movwf	134	; TRISB=W=0x00 -> all output(0)
    42     0007  30FF               	movlw	255	; W=0xff
    43     0008  0085               	movwf	133	; TRISA=W=0xff -> all input(1)
    44     0009  1303               	bcf	3,6	; set RP6 to 0
    45     000A  1283               	bcf	3,5	; set RP5 to 0 Now in bank 0
    46     000B  3007               	movlw	7	; W=0x07
    47     000C  009F               	movwf	31	; CMCOM=W=0x07
    48     000D  3000               	movlw	0	; W=0x00
    49     000E  00A0               	movwf	32	; numA=W=0x00
    50     000F  3000               	movlw	0	; W=0x00
    51     0010  0086               	movwf	6	; PORTB=W=0xff -> all to 0
    52     0011  0008               	return
    53     0012                     work:
    54     0012  0805               	movf	5,w	; W=PORTA
    55     0013  00A0               	movwf	32	; numA=W
    56     0014  0CA0               	rrf	32,f	; numA=numA >> 1
    57     0015  0CA0               	rrf	32,f	; numA=numA >> 1
    58     0016  0CA0               	rrf	32,f	; numA=numA >> 1
    59     0017  0CA0               	rrf	32,f	; numA=numA >> 1
    60     0018  300F               	movlw	15	; W=0x0f
    61     0019  05A0               	andwf	32,f	; numA=and(numA, W)=and(numA, 0x0f)
    62     001A  0805               	movf	5,w	; W=PORTA
    63     001B  390F               	andlw	15	; W=and(W, 0x0f)=and(PORTA, 0x0f)
    64     001C  00A1               	movwf	33	; numB=W
    65     001D  3000               	movlw	0	; W=0x00
    66     001E  0220               	subwf	32,w	; W=numA-W=numA-0x00
    67     001F  1903               	btfsc	3,2	; if STATUS(2)(Zero flag) == 1 then
    68     0020  2825               	goto	loop1End
    69     0021  3000               	movlw	0	; W=0x00
    70     0022                     loop1:
    71     0022  0721               	addwf	33,w
    72     0023  0BA0               	decfsz	32,f
    73     0024  2822               	goto	loop1
    74     0025                     loop1End:
    75     0025  0086               	movwf	6	; PORTB=W
    76     0026  0008               	return
    77                           
    78                           	psect	config
    79                           
    80                           ;Config register CONFIG @ 0x2007
    81                           ;	Oscillator Selection bits
    82                           ;	FOSC = INTOSCIO, INTOSC oscillator: I/O function on RA6/OSC2/CLKOUT pin, I/O function on RA7/OSC1/
      +                          CLKIN
    83                           ;	Watchdog Timer Enable bit
    84                           ;	WDTE = OFF, WDT disabled
    85                           ;	Power-up Timer Enable bit
    86                           ;	PWRTE = OFF, PWRT disabled
    87                           ;	RA5/MCLR/VPP Pin Function Select bit
    88                           ;	MCLRE = OFF, RA5/MCLR/VPP pin function is digital input, MCLR internally tied to VDD
    89                           ;	Brown-out Detect Enable bit
    90                           ;	BOREN = ON, BOD enabled
    91                           ;	Low-Voltage Programming Enable bit
    92                           ;	LVP = OFF, RB4/PGM pin has digital I/O function, HV on MCLR must be used for programming
    93                           ;	Data EE Memory Code Protection bit
    94                           ;	CPD = OFF, Data memory code protection off
    95                           ;	Flash Program Memory Code Protection bit
    96                           ;	CP = OFF, Code protection off
    97     2007                     	org	8199
    98     2007  3F58               	dw	16216


Microchip Technology PIC Macro Assembler V2.41 build 20230208172133 
Symbol Table                                                                                               Mon May 06 12:02:00 2024

                      main 0000                        init 0003                        numA 0020                        numB 0021  
                      loop 0001                        work 0012                       PORTA 0005                       PORTB 0006  
                     TRISA 0085                       TRISB 0086                       loop1 0022                      STATUS 0003  
                  loop1End 0025  
